

Version:	3.8
CmdLine:	C:\Users\damia\Documents\NetBeansProjects\RsaProject\src\Frame\RSA-encryption.exe --l4j-debug
WOW64:		yes
Working dir:	C:\Users\damia\Documents\NetBeansProjects\RsaProject\src\Frame\.
64-bit search:	SOFTWARE\JavaSoft\Java Runtime Environment...
32-bit search:	SOFTWARE\JavaSoft\Java Runtime Environment...
Check:		SOFTWARE\JavaSoft\Java Runtime Environment\1.8
Check launcher:	C:\Program Files (x86)\Javar\bin\javaw.exe (OK)
Match:		1.8
Check:		SOFTWARE\JavaSoft\Java Runtime Environment\1.8.0_241
Check launcher:	C:\Program Files (x86)\Javar\bin\javaw.exe (OK)
Match:		1.8.0_241
64-bit search:	SOFTWARE\JavaSoft\Java Development Kit...
32-bit search:	SOFTWARE\JavaSoft\Java Development Kit...
Runtime used:	1.8.0_241 (32-bit)
Launcher:	C:\Program Files (x86)\Javar\bin\javaw.exe
Launcher args:	-jar "C:\Users\damia\Documents\NetBeansProjects\RsaProject\src\Frame\RSA-encryption.exe"
Args length:	88/32768 chars
Exit code:	0


Version:	3.8
CmdLine:	C:\Users\damia\Documents\NetBeansProjects\RsaProject\src\Frame\RSA-encryption.exe --l4j-debug
WOW64:		yes
Working dir:	C:\Users\damia\Documents\NetBeansProjects\RsaProject\src\Frame\.
64-bit search:	SOFTWARE\JavaSoft\Java Runtime Environment...
32-bit search:	SOFTWARE\JavaSoft\Java Runtime Environment...
Check:		SOFTWARE\JavaSoft\Java Runtime Environment\1.8
Check launcher:	C:\Program Files (x86)\Javar\bin\javaw.exe (OK)
Match:		1.8
Check:		SOFTWARE\JavaSoft\Java Runtime Environment\1.8.0_241
Check launcher:	C:\Program Files (x86)\Javar\bin\javaw.exe (OK)
Match:		1.8.0_241
64-bit search:	SOFTWARE\JavaSoft\Java Development Kit...
32-bit search:	SOFTWARE\JavaSoft\Java Development Kit...
Runtime used:	1.8.0_241 (32-bit)
Launcher:	C:\Program Files (x86)\Javar\bin\javaw.exe
Launcher args:	-jar "C:\Users\damia\Documents\NetBeansProjects\RsaProject\src\Frame\RSA-encryption.exe"
Args length:	88/32768 chars
Exit code:	0


Version:	3.8
CmdLine:	C:\Users\damia\Documents\NetBeansProjects\RsaProject\src\Frame\RSA-encryption.exe --l4j-debug
WOW64:		yes
Working dir:	C:\Users\damia\Documents\NetBeansProjects\RsaProject\src\Frame\.
64-bit search:	SOFTWARE\JavaSoft\Java Runtime Environment...
32-bit search:	SOFTWARE\JavaSoft\Java Runtime Environment...
Check:		SOFTWARE\JavaSoft\Java Runtime Environment\1.8
Ignore:		1.8
Check:		SOFTWARE\JavaSoft\Java Runtime Environment\1.8.0_241
Check launcher:	C:\Program Files (x86)\Javar\bin\javaw.exe (OK)
Match:		1.8.0_241
64-bit search:	SOFTWARE\JavaSoft\Java Development Kit...
32-bit search:	SOFTWARE\JavaSoft\Java Development Kit...
Runtime used:	1.8.0_241 (32-bit)
Launcher:	C:\Program Files (x86)\Javar\bin\javaw.exe
Launcher args:	-jar "C:\Users\damia\Documents\NetBeansProjects\RsaProject\src\Frame\RSA-encryption.exe"
Args length:	88/32768 chars
Exit code:	0


Version:	3.8
CmdLine:	C:\Users\damia\Documents\NetBeansProjects\RsaProject\src\Frame\RSA-encryption.exe --l4j-debug
WOW64:		yes
Working dir:	C:\Users\damia\Documents\NetBeansProjects\RsaProject\src\Frame\.
64-bit search:	SOFTWARE\JavaSoft\Java Runtime Environment...
32-bit search:	SOFTWARE\JavaSoft\Java Runtime Environment...
Check:		SOFTWARE\JavaSoft\Java Runtime Environment\1.8
Ignore:		1.8
Check:		SOFTWARE\JavaSoft\Java Runtime Environment\1.8.0_241
Check launcher:	C:\Program Files (x86)\Javar\bin\javaw.exe (OK)
Match:		1.8.0_241
64-bit search:	SOFTWARE\JavaSoft\Java Development Kit...
32-bit search:	SOFTWARE\JavaSoft\Java Development Kit...
Runtime used:	1.8.0_241 (32-bit)
Launcher:	C:\Program Files (x86)\Javar\bin\javaw.exe
Launcher args:	-jar "C:\Users\damia\Documents\NetBeansProjects\RsaProject\src\Frame\RSA-encryption.exe"
Args length:	88/32768 chars
Exit code:	0


Version:	3.8
CmdLine:	C:\Users\damia\Documents\NetBeansProjects\RsaProject\src\Frame\RSA-encryption.exe --l4j-debug
WOW64:		yes
Working dir:	C:\Users\damia\Documents\NetBeansProjects\RsaProject\src\Frame\.
64-bit search:	SOFTWARE\JavaSoft\Java Runtime Environment...
32-bit search:	SOFTWARE\JavaSoft\Java Runtime Environment...
Check:		SOFTWARE\JavaSoft\Java Runtime Environment\1.8
Ignore:		1.8
Check:		SOFTWARE\JavaSoft\Java Runtime Environment\1.8.0_241
Check launcher:	C:\Program Files (x86)\Javar\bin\javaw.exe (OK)
Match:		1.8.0_241
64-bit search:	SOFTWARE\JavaSoft\Java Development Kit...
32-bit search:	SOFTWARE\JavaSoft\Java Development Kit...
Runtime used:	1.8.0_241 (32-bit)
Launcher:	C:\Program Files (x86)\Javar\bin\javaw.exe
Launcher args:	-jar "C:\Users\damia\Documents\NetBeansProjects\RsaProject\src\Frame\RSA-encryption.exe"
Args length:	88/32768 chars
Exit code:	0


Version:	3.8
CmdLine:	C:\Users\damia\Documents\NetBeansProjects\RsaProject\src\Frame\RSA-encryption.exe --l4j-debug
WOW64:		yes
Working dir:	C:\Users\damia\Documents\NetBeansProjects\RsaProject\src\Frame\.
64-bit search:	SOFTWARE\JavaSoft\Java Runtime Environment...
32-bit search:	SOFTWARE\JavaSoft\Java Runtime Environment...
Check:		SOFTWARE\JavaSoft\Java Runtime Environment\1.8
Ignore:		1.8
Check:		SOFTWARE\JavaSoft\Java Runtime Environment\1.8.0_241
Check launcher:	C:\Program Files (x86)\Javar\bin\javaw.exe (OK)
Match:		1.8.0_241
64-bit search:	SOFTWARE\JavaSoft\Java Development Kit...
32-bit search:	SOFTWARE\JavaSoft\Java Development Kit...
Runtime used:	1.8.0_241 (32-bit)
Launcher:	C:\Program Files (x86)\Javar\bin\javaw.exe
Launcher args:	-jar "C:\Users\damia\Documents\NetBeansProjects\RsaProject\src\Frame\RSA-encryption.exe"
Args length:	88/32768 chars
Exit code:	0


Version:	3.8
CmdLine:	C:\Users\damia\Documents\NetBeansProjects\RsaProject\src\Frame\RSA-encryption.exe --l4j-debug
WOW64:		yes
Working dir:	C:\Users\damia\Documents\NetBeansProjects\RsaProject\src\Frame\.
64-bit search:	SOFTWARE\JavaSoft\Java Runtime Environment...
32-bit search:	SOFTWARE\JavaSoft\Java Runtime Environment...
Check:		SOFTWARE\JavaSoft\Java Runtime Environment\1.8
Ignore:		1.8
Check:		SOFTWARE\JavaSoft\Java Runtime Environment\1.8.0_241
Check launcher:	C:\Program Files (x86)\Javar\bin\javaw.exe (OK)
Match:		1.8.0_241
64-bit search:	SOFTWARE\JavaSoft\Java Development Kit...
32-bit search:	SOFTWARE\JavaSoft\Java Development Kit...
Runtime used:	1.8.0_241 (32-bit)
Launcher:	C:\Program Files (x86)\Javar\bin\javaw.exe
Launcher args:	-jar "C:\Users\damia\Documents\NetBeansProjects\RsaProject\src\Frame\RSA-encryption.exe"
Args length:	88/32768 chars
Exit code:	0


Version:	3.8
CmdLine:	C:\Users\damia\Documents\NetBeansProjects\RsaProject\src\Frame\RSA-encryption.exe --l4j-debug
WOW64:		yes
Working dir:	C:\Users\damia\Documents\NetBeansProjects\RsaProject\src\Frame\.
64-bit search:	SOFTWARE\JavaSoft\Java Runtime Environment...
32-bit search:	SOFTWARE\JavaSoft\Java Runtime Environment...
Check:		SOFTWARE\JavaSoft\Java Runtime Environment\1.8
Ignore:		1.8
Check:		SOFTWARE\JavaSoft\Java Runtime Environment\1.8.0_241
Check launcher:	C:\Program Files (x86)\Javar\bin\javaw.exe (OK)
Match:		1.8.0_241
64-bit search:	SOFTWARE\JavaSoft\Java Development Kit...
32-bit search:	SOFTWARE\JavaSoft\Java Development Kit...
Runtime used:	1.8.0_241 (32-bit)
Launcher:	C:\Program Files (x86)\Javar\bin\javaw.exe
Launcher args:	-jar "C:\Users\damia\Documents\NetBeansProjects\RsaProject\src\Frame\RSA-encryption.exe"
Args length:	88/32768 chars
Exit code:	0


Version:	3.8
CmdLine:	C:\Users\damia\Documents\NetBeansProjects\RsaProject\src\Frame\RSA-encryption.exe --l4j-debug
WOW64:		yes
Working dir:	C:\Users\damia\Documents\NetBeansProjects\RsaProject\src\Frame\.
64-bit search:	SOFTWARE\JavaSoft\Java Runtime Environment...
32-bit search:	SOFTWARE\JavaSoft\Java Runtime Environment...
Check:		SOFTWARE\JavaSoft\Java Runtime Environment\1.8
Ignore:		1.8
Check:		SOFTWARE\JavaSoft\Java Runtime Environment\1.8.0_241
Check launcher:	C:\Program Files (x86)\Javar\bin\javaw.exe (OK)
Match:		1.8.0_241
64-bit search:	SOFTWARE\JavaSoft\Java Development Kit...
32-bit search:	SOFTWARE\JavaSoft\Java Development Kit...
Runtime used:	1.8.0_241 (32-bit)
Launcher:	C:\Program Files (x86)\Javar\bin\javaw.exe
Launcher args:	-jar "C:\Users\damia\Documents\NetBeansProjects\RsaProject\src\Frame\RSA-encryption.exe"
Args length:	88/32768 chars
Exit code:	0


Version:	3.8
CmdLine:	C:\Users\damia\Documents\NetBeansProjects\RsaProject\src\Frame\RSA-encryption.exe --l4j-debug
WOW64:		yes
Working dir:	C:\Users\damia\Documents\NetBeansProjects\RsaProject\src\Frame\.
64-bit search:	SOFTWARE\JavaSoft\Java Runtime Environment...
32-bit search:	SOFTWARE\JavaSoft\Java Runtime Environment...
Check:		SOFTWARE\JavaSoft\Java Runtime Environment\1.8
Ignore:		1.8
Check:		SOFTWARE\JavaSoft\Java Runtime Environment\1.8.0_241
Check launcher:	C:\Program Files (x86)\Javar\bin\javaw.exe (OK)
Match:		1.8.0_241
64-bit search:	SOFTWARE\JavaSoft\Java Development Kit...
32-bit search:	SOFTWARE\JavaSoft\Java Development Kit...
Runtime used:	1.8.0_241 (32-bit)
Launcher:	C:\Program Files (x86)\Javar\bin\javaw.exe
Launcher args:	-jar "C:\Users\damia\Documents\NetBeansProjects\RsaProject\src\Frame\RSA-encryption.exe"
Args length:	88/32768 chars
Exit code:	0


Version:	3.8
CmdLine:	C:\Users\damia\Documents\NetBeansProjects\RsaProject\src\Frame\RSA-encryption.exe --l4j-debug
WOW64:		yes
Working dir:	C:\Users\damia\Documents\NetBeansProjects\RsaProject\src\Frame\.
64-bit search:	SOFTWARE\JavaSoft\Java Runtime Environment...
32-bit search:	SOFTWARE\JavaSoft\Java Runtime Environment...
Check:		SOFTWARE\JavaSoft\Java Runtime Environment\1.8
Ignore:		1.8
Check:		SOFTWARE\JavaSoft\Java Runtime Environment\1.8.0_241
Check launcher:	C:\Program Files (x86)\Javar\bin\javaw.exe (OK)
Match:		1.8.0_241
64-bit search:	SOFTWARE\JavaSoft\Java Development Kit...
32-bit search:	SOFTWARE\JavaSoft\Java Development Kit...
Runtime used:	1.8.0_241 (32-bit)
Launcher:	C:\Program Files (x86)\Javar\bin\javaw.exe
Launcher args:	-jar "C:\Users\damia\Documents\NetBeansProjects\RsaProject\src\Frame\RSA-encryption.exe"
Args length:	88/32768 chars
Exit code:	0


Version:	3.8
CmdLine:	C:\Users\damia\Documents\NetBeansProjects\RsaProject\src\Frame\RSA-encryption.exe --l4j-debug
WOW64:		yes
Working dir:	C:\Users\damia\Documents\NetBeansProjects\RsaProject\src\Frame\.
64-bit search:	SOFTWARE\JavaSoft\Java Runtime Environment...
32-bit search:	SOFTWARE\JavaSoft\Java Runtime Environment...
Check:		SOFTWARE\JavaSoft\Java Runtime Environment\1.8
Ignore:		1.8
Check:		SOFTWARE\JavaSoft\Java Runtime Environment\1.8.0_241
Check launcher:	C:\Program Files (x86)\Javar\bin\javaw.exe (OK)
Match:		1.8.0_241
64-bit search:	SOFTWARE\JavaSoft\Java Development Kit...
32-bit search:	SOFTWARE\JavaSoft\Java Development Kit...
Runtime used:	1.8.0_241 (32-bit)
Launcher:	C:\Program Files (x86)\Javar\bin\javaw.exe
Launcher args:	-jar "C:\Users\damia\Documents\NetBeansProjects\RsaProject\src\Frame\RSA-encryption.exe"
Args length:	88/32768 chars
Exit code:	0


Version:	3.8
CmdLine:	C:\Users\damia\Documents\NetBeansProjects\RsaProject\src\Frame\RSA-encryption.exe --l4j-debug
WOW64:		yes
Working dir:	C:\Users\damia\Documents\NetBeansProjects\RsaProject\src\Frame\.
64-bit search:	SOFTWARE\JavaSoft\Java Runtime Environment...
32-bit search:	SOFTWARE\JavaSoft\Java Runtime Environment...
Check:		SOFTWARE\JavaSoft\Java Runtime Environment\1.8
Ignore:		1.8
Check:		SOFTWARE\JavaSoft\Java Runtime Environment\1.8.0_241
Check launcher:	C:\Program Files (x86)\Javar\bin\javaw.exe (OK)
Match:		1.8.0_241
64-bit search:	SOFTWARE\JavaSoft\Java Development Kit...
32-bit search:	SOFTWARE\JavaSoft\Java Development Kit...
Runtime used:	1.8.0_241 (32-bit)
Launcher:	C:\Program Files (x86)\Javar\bin\javaw.exe
Launcher args:	-jar "C:\Users\damia\Documents\NetBeansProjects\RsaProject\src\Frame\RSA-encryption.exe"
Args length:	88/32768 chars
Exit code:	0


Version:	3.8
CmdLine:	C:\Users\damia\Documents\NetBeansProjects\RsaProject\src\Frame\RSA-encryption.exe --l4j-debug
WOW64:		yes
Working dir:	C:\Users\damia\Documents\NetBeansProjects\RsaProject\src\Frame\.
64-bit search:	SOFTWARE\JavaSoft\Java Runtime Environment...
32-bit search:	SOFTWARE\JavaSoft\Java Runtime Environment...
Check:		SOFTWARE\JavaSoft\Java Runtime Environment\1.8
Ignore:		1.8
Check:		SOFTWARE\JavaSoft\Java Runtime Environment\1.8.0_241
Check launcher:	C:\Program Files (x86)\Javar\bin\javaw.exe (OK)
Match:		1.8.0_241
64-bit search:	SOFTWARE\JavaSoft\Java Development Kit...
32-bit search:	SOFTWARE\JavaSoft\Java Development Kit...
Runtime used:	1.8.0_241 (32-bit)
Launcher:	C:\Program Files (x86)\Javar\bin\javaw.exe
Launcher args:	-jar "C:\Users\damia\Documents\NetBeansProjects\RsaProject\src\Frame\RSA-encryption.exe"
Args length:	88/32768 chars
Exit code:	0


Version:	3.8
CmdLine:	C:\Users\damia\Documents\NetBeansProjects\RsaProject\src\Frame\RSA-encryption.exe --l4j-debug
WOW64:		yes
Working dir:	C:\Users\damia\Documents\NetBeansProjects\RsaProject\src\Frame\.
64-bit search:	SOFTWARE\JavaSoft\Java Runtime Environment...
32-bit search:	SOFTWARE\JavaSoft\Java Runtime Environment...
Check:		SOFTWARE\JavaSoft\Java Runtime Environment\1.8
Ignore:		1.8
Check:		SOFTWARE\JavaSoft\Java Runtime Environment\1.8.0_241
Check launcher:	C:\Program Files (x86)\Javar\bin\javaw.exe (OK)
Match:		1.8.0_241
64-bit search:	SOFTWARE\JavaSoft\Java Development Kit...
32-bit search:	SOFTWARE\JavaSoft\Java Development Kit...
Runtime used:	1.8.0_241 (32-bit)
Launcher:	C:\Program Files (x86)\Javar\bin\javaw.exe
Launcher args:	-jar "C:\Users\damia\Documents\NetBeansProjects\RsaProject\src\Frame\RSA-encryption.exe"
Args length:	88/32768 chars
Exit code:	0


Version:	3.8
CmdLine:	C:\Users\damia\Documents\NetBeansProjects\RsaProject\src\Frame\RSA-encryption.exe --l4j-debug
WOW64:		yes
Working dir:	C:\Users\damia\Documents\NetBeansProjects\RsaProject\src\Frame\.
64-bit search:	SOFTWARE\JavaSoft\Java Runtime Environment...
32-bit search:	SOFTWARE\JavaSoft\Java Runtime Environment...
Check:		SOFTWARE\JavaSoft\Java Runtime Environment\1.8
Check launcher:	C:\Program Files (x86)\Javar\bin\javaw.exe (OK)
Match:		1.8
Check:		SOFTWARE\JavaSoft\Java Runtime Environment\1.8.0_241
Check launcher:	C:\Program Files (x86)\Javar\bin\javaw.exe (OK)
Match:		1.8.0_241
64-bit search:	SOFTWARE\JavaSoft\Java Development Kit...
32-bit search:	SOFTWARE\JavaSoft\Java Development Kit...
Runtime used:	1.8.0_241 (32-bit)
Launcher:	C:\Program Files (x86)\Javar\bin\javaw.exe
Launcher args:	-jar "C:\Users\damia\Documents\NetBeansProjects\RsaProject\src\Frame\RSA-encryption.exe"
Args length:	88/32768 chars
Exit code:	0


Version:	3.8
CmdLine:	C:\Users\damia\Documents\NetBeansProjects\RsaProject\src\Frame\RSA-encryption.exe --l4j-debug
WOW64:		yes
Working dir:	C:\Users\damia\Documents\NetBeansProjects\RsaProject\src\Frame\.
64-bit search:	SOFTWARE\JavaSoft\Java Runtime Environment...
32-bit search:	SOFTWARE\JavaSoft\Java Runtime Environment...
Check:		SOFTWARE\JavaSoft\Java Runtime Environment\1.8
Check launcher:	C:\Program Files (x86)\Javar\bin\javaw.exe (OK)
Match:		1.8
Check:		SOFTWARE\JavaSoft\Java Runtime Environment\1.8.0_241
Check launcher:	C:\Program Files (x86)\Javar\bin\javaw.exe (OK)
Match:		1.8.0_241
64-bit search:	SOFTWARE\JavaSoft\Java Development Kit...
32-bit search:	SOFTWARE\JavaSoft\Java Development Kit...
Runtime used:	1.8.0_241 (32-bit)
Launcher:	C:\Program Files (x86)\Javar\bin\javaw.exe
Launcher args:	-jar "C:\Users\damia\Documents\NetBeansProjects\RsaProject\src\Frame\RSA-encryption.exe"
Args length:	88/32768 chars
Exit code:	0


Version:	3.8
CmdLine:	C:\Users\damia\Documents\NetBeansProjects\RsaProject\src\Frame\RSA-encryption.exe --l4j-debug
WOW64:		yes
Working dir:	C:\Users\damia\Documents\NetBeansProjects\RsaProject\src\Frame\.
64-bit search:	SOFTWARE\JavaSoft\Java Runtime Environment...
32-bit search:	SOFTWARE\JavaSoft\Java Runtime Environment...
Check:		SOFTWARE\JavaSoft\Java Runtime Environment\1.8
Ignore:		1.8
Check:		SOFTWARE\JavaSoft\Java Runtime Environment\1.8.0_241
Check launcher:	C:\Program Files (x86)\Javar\bin\javaw.exe (OK)
Match:		1.8.0_241
64-bit search:	SOFTWARE\JavaSoft\Java Development Kit...
32-bit search:	SOFTWARE\JavaSoft\Java Development Kit...
Runtime used:	1.8.0_241 (32-bit)
Launcher:	C:\Program Files (x86)\Javar\bin\javaw.exe
Launcher args:	-jar "C:\Users\damia\Documents\NetBeansProjects\RsaProject\src\Frame\RSA-encryption.exe"
Args length:	88/32768 chars
Exit code:	0


Version:	3.8
CmdLine:	C:\Users\damia\Documents\NetBeansProjects\RsaProject\src\Frame\RSA-encryption.exe --l4j-debug
WOW64:		yes
Working dir:	C:\Users\damia\Documents\NetBeansProjects\RsaProject\src\Frame\.
64-bit search:	SOFTWARE\JavaSoft\Java Runtime Environment...
32-bit search:	SOFTWARE\JavaSoft\Java Runtime Environment...
Check:		SOFTWARE\JavaSoft\Java Runtime Environment\1.8
Ignore:		1.8
Check:		SOFTWARE\JavaSoft\Java Runtime Environment\1.8.0_241
Check launcher:	C:\Program Files (x86)\Javar\bin\javaw.exe (OK)
Match:		1.8.0_241
64-bit search:	SOFTWARE\JavaSoft\Java Development Kit...
32-bit search:	SOFTWARE\JavaSoft\Java Development Kit...
Runtime used:	1.8.0_241 (32-bit)
Launcher:	C:\Program Files (x86)\Javar\bin\javaw.exe
Launcher args:	-jar "C:\Users\damia\Documents\NetBeansProjects\RsaProject\src\Frame\RSA-encryption.exe"
Args length:	88/32768 chars
Exit code:	0


Version:	3.8
CmdLine:	C:\Users\damia\Documents\NetBeansProjects\RsaProject\src\Frame\RSA-encryption.exe --l4j-debug
WOW64:		yes
Working dir:	C:\Users\damia\Documents\NetBeansProjects\RsaProject\src\Frame\.
64-bit search:	SOFTWARE\JavaSoft\Java Runtime Environment...
32-bit search:	SOFTWARE\JavaSoft\Java Runtime Environment...
Check:		SOFTWARE\JavaSoft\Java Runtime Environment\1.8
Ignore:		1.8
Check:		SOFTWARE\JavaSoft\Java Runtime Environment\1.8.0_241
Check launcher:	C:\Program Files (x86)\Javar\bin\javaw.exe (OK)
Match:		1.8.0_241
64-bit search:	SOFTWARE\JavaSoft\Java Development Kit...
32-bit search:	SOFTWARE\JavaSoft\Java Development Kit...
Runtime used:	1.8.0_241 (32-bit)
Launcher:	C:\Program Files (x86)\Javar\bin\javaw.exe
Launcher args:	-jar "C:\Users\damia\Documents\NetBeansProjects\RsaProject\src\Frame\RSA-encryption.exe"
Args length:	88/32768 chars
Exit code:	0


Version:	3.8
CmdLine:	C:\Users\damia\Documents\NetBeansProjects\RsaProject\src\Frame\RSA-encryption.exe --l4j-debug
WOW64:		yes
Working dir:	C:\Users\damia\Documents\NetBeansProjects\RsaProject\src\Frame\.
64-bit search:	SOFTWARE\JavaSoft\Java Runtime Environment...
32-bit search:	SOFTWARE\JavaSoft\Java Runtime Environment...
Check:		SOFTWARE\JavaSoft\Java Runtime Environment\1.8
Ignore:		1.8
Check:		SOFTWARE\JavaSoft\Java Runtime Environment\1.8.0_241
Check launcher:	C:\Program Files (x86)\Javar\bin\javaw.exe (OK)
Match:		1.8.0_241
64-bit search:	SOFTWARE\JavaSoft\Java Development Kit...
32-bit search:	SOFTWARE\JavaSoft\Java Development Kit...
Runtime used:	1.8.0_241 (32-bit)
Launcher:	C:\Program Files (x86)\Javar\bin\javaw.exe
Launcher args:	-jar "C:\Users\damia\Documents\NetBeansProjects\RsaProject\src\Frame\RSA-encryption.exe"
Args length:	88/32768 chars
Exit code:	0


Version:	3.8
CmdLine:	C:\Users\damia\Documents\NetBeansProjects\RsaProject\src\Frame\RSA-encryption.exe --l4j-debug
WOW64:		yes
Working dir:	C:\Users\damia\Documents\NetBeansProjects\RsaProject\src\Frame\.
64-bit search:	SOFTWARE\JavaSoft\Java Runtime Environment...
32-bit search:	SOFTWARE\JavaSoft\Java Runtime Environment...
Check:		SOFTWARE\JavaSoft\Java Runtime Environment\1.8
Ignore:		1.8
Check:		SOFTWARE\JavaSoft\Java Runtime Environment\1.8.0_241
Check launcher:	C:\Program Files (x86)\Javar\bin\javaw.exe (OK)
Match:		1.8.0_241
64-bit search:	SOFTWARE\JavaSoft\Java Development Kit...
32-bit search:	SOFTWARE\JavaSoft\Java Development Kit...
Runtime used:	1.8.0_241 (32-bit)
Launcher:	C:\Program Files (x86)\Javar\bin\javaw.exe
Launcher args:	-jar "C:\Users\damia\Documents\NetBeansProjects\RsaProject\src\Frame\RSA-encryption.exe"
Args length:	88/32768 chars
Exit code:	0


Version:	3.8
CmdLine:	C:\Users\damia\Documents\NetBeansProjects\RsaProject\src\Frame\RSA-encryption.exe --l4j-debug
WOW64:		yes
Working dir:	C:\Users\damia\Documents\NetBeansProjects\RsaProject\src\Frame\.
64-bit search:	SOFTWARE\JavaSoft\Java Runtime Environment...
32-bit search:	SOFTWARE\JavaSoft\Java Runtime Environment...
Check:		SOFTWARE\JavaSoft\Java Runtime Environment\1.8
Ignore:		1.8
Check:		SOFTWARE\JavaSoft\Java Runtime Environment\1.8.0_241
Check launcher:	C:\Program Files (x86)\Javar\bin\javaw.exe (OK)
Match:		1.8.0_241
64-bit search:	SOFTWARE\JavaSoft\Java Development Kit...
32-bit search:	SOFTWARE\JavaSoft\Java Development Kit...
Runtime used:	1.8.0_241 (32-bit)
Launcher:	C:\Program Files (x86)\Javar\bin\javaw.exe
Launcher args:	-jar "C:\Users\damia\Documents\NetBeansProjects\RsaProject\src\Frame\RSA-encryption.exe"
Args length:	88/32768 chars
Exit code:	0


Version:	3.8
CmdLine:	C:\Users\damia\Documents\NetBeansProjects\RsaProject\src\Frame\RSA-encryption.exe --l4j-debug
WOW64:		yes
Working dir:	C:\Users\damia\Documents\NetBeansProjects\RsaProject\src\Frame\.
64-bit search:	SOFTWARE\JavaSoft\Java Runtime Environment...
32-bit search:	SOFTWARE\JavaSoft\Java Runtime Environment...
Check:		SOFTWARE\JavaSoft\Java Runtime Environment\1.8
Ignore:		1.8
Check:		SOFTWARE\JavaSoft\Java Runtime Environment\1.8.0_241
Check launcher:	C:\Program Files (x86)\Javar\bin\javaw.exe (OK)
Match:		1.8.0_241
64-bit search:	SOFTWARE\JavaSoft\Java Development Kit...
32-bit search:	SOFTWARE\JavaSoft\Java Development Kit...
Runtime used:	1.8.0_241 (32-bit)
Launcher:	C:\Program Files (x86)\Javar\bin\javaw.exe
Launcher args:	-jar "C:\Users\damia\Documents\NetBeansProjects\RsaProject\src\Frame\RSA-encryption.exe"
Args length:	88/32768 chars
Exit code:	0


Version:	3.8
CmdLine:	C:\Users\damia\Documents\NetBeansProjects\RsaProject\src\Frame\RSA-encryption.exe --l4j-debug
WOW64:		yes
Working dir:	C:\Users\damia\Documents\NetBeansProjects\RsaProject\src\Frame\.
64-bit search:	SOFTWARE\JavaSoft\Java Runtime Environment...
32-bit search:	SOFTWARE\JavaSoft\Java Runtime Environment...
Check:		SOFTWARE\JavaSoft\Java Runtime Environment\1.8
Check launcher:	C:\Program Files (x86)\Javar\bin\javaw.exe (OK)
Match:		1.8
Check:		SOFTWARE\JavaSoft\Java Runtime Environment\1.8.0_241
Check launcher:	C:\Program Files (x86)\Javar\bin\javaw.exe (OK)
Match:		1.8.0_241
64-bit search:	SOFTWARE\JavaSoft\Java Development Kit...
32-bit search:	SOFTWARE\JavaSoft\Java Development Kit...
Runtime used:	1.8.0_241 (32-bit)
Launcher:	C:\Program Files (x86)\Javar\bin\javaw.exe
Launcher args:	-jar "C:\Users\damia\Documents\NetBeansProjects\RsaProject\src\Frame\RSA-encryption.exe"
Args length:	88/32768 chars
Exit code:	0


Version:	3.8
CmdLine:	C:\Users\damia\Documents\NetBeansProjects\RsaProject\src\Frame\RSA-encryption.exe --l4j-debug
WOW64:		yes
Working dir:	C:\Users\damia\Documents\NetBeansProjects\RsaProject\src\Frame\.
64-bit search:	SOFTWARE\JavaSoft\Java Runtime Environment...
32-bit search:	SOFTWARE\JavaSoft\Java Runtime Environment...
Check:		SOFTWARE\JavaSoft\Java Runtime Environment\1.8
Check launcher:	C:\Program Files (x86)\Javar\bin\javaw.exe (OK)
Match:		1.8
Check:		SOFTWARE\JavaSoft\Java Runtime Environment\1.8.0_241
Check launcher:	C:\Program Files (x86)\Javar\bin\javaw.exe (OK)
Match:		1.8.0_241
64-bit search:	SOFTWARE\JavaSoft\Java Development Kit...
32-bit search:	SOFTWARE\JavaSoft\Java Development Kit...
Runtime used:	1.8.0_241 (32-bit)
Launcher:	C:\Program Files (x86)\Javar\bin\javaw.exe
Launcher args:	-jar "C:\Users\damia\Documents\NetBeansProjects\RsaProject\src\Frame\RSA-encryption.exe"
Args length:	88/32768 chars
Exit code:	0


Version:	3.8
CmdLine:	C:\Users\damia\Documents\NetBeansProjects\RsaProject\src\Frame\RSA-encryption.exe --l4j-debug
WOW64:		yes
Working dir:	C:\Users\damia\Documents\NetBeansProjects\RsaProject\src\Frame\.
64-bit search:	SOFTWARE\JavaSoft\Java Runtime Environment...
32-bit search:	SOFTWARE\JavaSoft\Java Runtime Environment...
Check:		SOFTWARE\JavaSoft\Java Runtime Environment\1.8
Check launcher:	C:\Program Files (x86)\Javar\bin\javaw.exe (OK)
Match:		1.8
Check:		SOFTWARE\JavaSoft\Java Runtime Environment\1.8.0_241
Check launcher:	C:\Program Files (x86)\Javar\bin\javaw.exe (OK)
Match:		1.8.0_241
64-bit search:	SOFTWARE\JavaSoft\Java Development Kit...
32-bit search:	SOFTWARE\JavaSoft\Java Development Kit...
Runtime used:	1.8.0_241 (32-bit)
Launcher:	C:\Program Files (x86)\Javar\bin\javaw.exe
Launcher args:	-jar "C:\Users\damia\Documents\NetBeansProjects\RsaProject\src\Frame\RSA-encryption.exe"
Args length:	88/32768 chars
Exit code:	0


Version:	3.8
CmdLine:	C:\Users\damia\Documents\NetBeansProjects\RsaProject\src\Frame\RSA-encryption.exe --l4j-debug
WOW64:		yes
Working dir:	C:\Users\damia\Documents\NetBeansProjects\RsaProject\src\Frame\.
64-bit search:	SOFTWARE\JavaSoft\Java Runtime Environment...
32-bit search:	SOFTWARE\JavaSoft\Java Runtime Environment...
Check:		SOFTWARE\JavaSoft\Java Runtime Environment\1.8
Check launcher:	C:\Program Files (x86)\Javar\bin\javaw.exe (OK)
Match:		1.8
Check:		SOFTWARE\JavaSoft\Java Runtime Environment\1.8.0_241
Check launcher:	C:\Program Files (x86)\Javar\bin\javaw.exe (OK)
Match:		1.8.0_241
64-bit search:	SOFTWARE\JavaSoft\Java Development Kit...
32-bit search:	SOFTWARE\JavaSoft\Java Development Kit...
Runtime used:	1.8.0_241 (32-bit)
Launcher:	C:\Program Files (x86)\Javar\bin\javaw.exe
Launcher args:	-jar "C:\Users\damia\Documents\NetBeansProjects\RsaProject\src\Frame\RSA-encryption.exe"
Args length:	88/32768 chars
Exit code:	0


Version:	3.8
CmdLine:	C:\Users\damia\Documents\NetBeansProjects\RsaProject\src\Frame\RSA-encryption.exe --l4j-debug
WOW64:		yes
Working dir:	C:\Users\damia\Documents\NetBeansProjects\RsaProject\src\Frame\.
64-bit search:	SOFTWARE\JavaSoft\Java Runtime Environment...
32-bit search:	SOFTWARE\JavaSoft\Java Runtime Environment...
Check:		SOFTWARE\JavaSoft\Java Runtime Environment\1.8
Check launcher:	C:\Program Files (x86)\Javar\bin\javaw.exe (OK)
Match:		1.8
Check:		SOFTWARE\JavaSoft\Java Runtime Environment\1.8.0_241
Check launcher:	C:\Program Files (x86)\Javar\bin\javaw.exe (OK)
Match:		1.8.0_241
64-bit search:	SOFTWARE\JavaSoft\Java Development Kit...
32-bit search:	SOFTWARE\JavaSoft\Java Development Kit...
Runtime used:	1.8.0_241 (32-bit)
Launcher:	C:\Program Files (x86)\Javar\bin\javaw.exe
Launcher args:	-jar "C:\Users\damia\Documents\NetBeansProjects\RsaProject\src\Frame\RSA-encryption.exe"
Args length:	88/32768 chars
Exit code:	0


Version:	3.8
CmdLine:	C:\Users\damia\Documents\NetBeansProjects\RsaProject\src\Frame\RSA-encryption.exe --l4j-debug
WOW64:		yes
Working dir:	C:\Users\damia\Documents\NetBeansProjects\RsaProject\src\Frame\.
64-bit search:	SOFTWARE\JavaSoft\Java Runtime Environment...
32-bit search:	SOFTWARE\JavaSoft\Java Runtime Environment...
Check:		SOFTWARE\JavaSoft\Java Runtime Environment\1.8
Check launcher:	C:\Program Files (x86)\Javar\bin\javaw.exe (OK)
Match:		1.8
Check:		SOFTWARE\JavaSoft\Java Runtime Environment\1.8.0_241
Check launcher:	C:\Program Files (x86)\Javar\bin\javaw.exe (OK)
Match:		1.8.0_241
64-bit search:	SOFTWARE\JavaSoft\Java Development Kit...
32-bit search:	SOFTWARE\JavaSoft\Java Development Kit...
Runtime used:	1.8.0_241 (32-bit)
Launcher:	C:\Program Files (x86)\Javar\bin\javaw.exe
Launcher args:	-jar "C:\Users\damia\Documents\NetBeansProjects\RsaProject\src\Frame\RSA-encryption.exe"
Args length:	88/32768 chars
Exit code:	0


Version:	3.8
CmdLine:	C:\Users\damia\Documents\NetBeansProjects\RsaProject\src\Frame\RSA-encryption.exe --l4j-debug
WOW64:		yes
Working dir:	C:\Users\damia\Documents\NetBeansProjects\RsaProject\src\Frame\.
64-bit search:	SOFTWARE\JavaSoft\Java Runtime Environment...
32-bit search:	SOFTWARE\JavaSoft\Java Runtime Environment...
Check:		SOFTWARE\JavaSoft\Java Runtime Environment\1.8
Check launcher:	C:\Program Files (x86)\Javar\bin\javaw.exe (OK)
Match:		1.8
Check:		SOFTWARE\JavaSoft\Java Runtime Environment\1.8.0_241
Check launcher:	C:\Program Files (x86)\Javar\bin\javaw.exe (OK)
Match:		1.8.0_241
64-bit search:	SOFTWARE\JavaSoft\Java Development Kit...
32-bit search:	SOFTWARE\JavaSoft\Java Development Kit...
Runtime used:	1.8.0_241 (32-bit)
Launcher:	C:\Program Files (x86)\Javar\bin\javaw.exe
Launcher args:	-jar "C:\Users\damia\Documents\NetBeansProjects\RsaProject\src\Frame\RSA-encryption.exe"
Args length:	88/32768 chars
Exit code:	0


Version:	3.8
CmdLine:	C:\Users\damia\Documents\NetBeansProjects\RsaProject\src\Frame\RSA-encryption.exe --l4j-debug
WOW64:		yes
Working dir:	C:\Users\damia\Documents\NetBeansProjects\RsaProject\src\Frame\.
64-bit search:	SOFTWARE\JavaSoft\Java Runtime Environment...
32-bit search:	SOFTWARE\JavaSoft\Java Runtime Environment...
Check:		SOFTWARE\JavaSoft\Java Runtime Environment\1.8
Check launcher:	C:\Program Files (x86)\Javar\bin\javaw.exe (OK)
Match:		1.8
Check:		SOFTWARE\JavaSoft\Java Runtime Environment\1.8.0_241
Check launcher:	C:\Program Files (x86)\Javar\bin\javaw.exe (OK)
Match:		1.8.0_241
64-bit search:	SOFTWARE\JavaSoft\Java Development Kit...
32-bit search:	SOFTWARE\JavaSoft\Java Development Kit...
Runtime used:	1.8.0_241 (32-bit)
Launcher:	C:\Program Files (x86)\Javar\bin\javaw.exe
Launcher args:	-jar "C:\Users\damia\Documents\NetBeansProjects\RsaProject\src\Frame\RSA-encryption.exe"
Args length:	88/32768 chars
Exit code:	0


Version:	3.8
CmdLine:	C:\Users\damia\Documents\NetBeansProjects\RsaProject\src\Frame\RSA-encryption.exe --l4j-debug
WOW64:		yes
Working dir:	C:\Users\damia\Documents\NetBeansProjects\RsaProject\src\Frame\.
64-bit search:	SOFTWARE\JavaSoft\Java Runtime Environment...
32-bit search:	SOFTWARE\JavaSoft\Java Runtime Environment...
Check:		SOFTWARE\JavaSoft\Java Runtime Environment\1.8
Check launcher:	C:\Program Files (x86)\Javar\bin\javaw.exe (OK)
Match:		1.8
Check:		SOFTWARE\JavaSoft\Java Runtime Environment\1.8.0_241
Check launcher:	C:\Program Files (x86)\Javar\bin\javaw.exe (OK)
Match:		1.8.0_241
64-bit search:	SOFTWARE\JavaSoft\Java Development Kit...
32-bit search:	SOFTWARE\JavaSoft\Java Development Kit...
Runtime used:	1.8.0_241 (32-bit)
Launcher:	C:\Program Files (x86)\Javar\bin\javaw.exe
Launcher args:	-jar "C:\Users\damia\Documents\NetBeansProjects\RsaProject\src\Frame\RSA-encryption.exe"
Args length:	88/32768 chars
Exit code:	0


Version:	3.8
CmdLine:	C:\Users\damia\Documents\NetBeansProjects\RsaProject\src\Frame\RSA-encryption.exe --l4j-debug
WOW64:		yes
Working dir:	C:\Users\damia\Documents\NetBeansProjects\RsaProject\src\Frame\.
64-bit search:	SOFTWARE\JavaSoft\Java Runtime Environment...
32-bit search:	SOFTWARE\JavaSoft\Java Runtime Environment...
Check:		SOFTWARE\JavaSoft\Java Runtime Environment\1.8
Check launcher:	C:\Program Files (x86)\Javar\bin\javaw.exe (OK)
Match:		1.8
Check:		SOFTWARE\JavaSoft\Java Runtime Environment\1.8.0_241
Check launcher:	C:\Program Files (x86)\Javar\bin\javaw.exe (OK)
Match:		1.8.0_241
64-bit search:	SOFTWARE\JavaSoft\Java Development Kit...
32-bit search:	SOFTWARE\JavaSoft\Java Development Kit...
Runtime used:	1.8.0_241 (32-bit)
Launcher:	C:\Program Files (x86)\Javar\bin\javaw.exe
Launcher args:	-jar "C:\Users\damia\Documents\NetBeansProjects\RsaProject\src\Frame\RSA-encryption.exe"
Args length:	88/32768 chars
Exit code:	0


Version:	3.8
CmdLine:	C:\Users\damia\Documents\NetBeansProjects\RsaProject\src\Frame\RSA-encryption.exe --l4j-debug
WOW64:		yes
Working dir:	C:\Users\damia\Documents\NetBeansProjects\RsaProject\src\Frame\.
64-bit search:	SOFTWARE\JavaSoft\Java Runtime Environment...
32-bit search:	SOFTWARE\JavaSoft\Java Runtime Environment...
Check:		SOFTWARE\JavaSoft\Java Runtime Environment\1.8
Check launcher:	C:\Program Files (x86)\Javar\bin\javaw.exe (OK)
Match:		1.8
Check:		SOFTWARE\JavaSoft\Java Runtime Environment\1.8.0_241
Check launcher:	C:\Program Files (x86)\Javar\bin\javaw.exe (OK)
Match:		1.8.0_241
64-bit search:	SOFTWARE\JavaSoft\Java Development Kit...
32-bit search:	SOFTWARE\JavaSoft\Java Development Kit...
Runtime used:	1.8.0_241 (32-bit)
Launcher:	C:\Program Files (x86)\Javar\bin\javaw.exe
Launcher args:	-jar "C:\Users\damia\Documents\NetBeansProjects\RsaProject\src\Frame\RSA-encryption.exe"
Args length:	88/32768 chars
Exit code:	0
